This is pdfeTeXk, Version 3.141592-1.30.4-2.2 (Web2C 7.5.5) (format=pdflatex 2006.6.8)  25 OCT 2006 15:26
entering extended mode
 file:line:error style messages enabled.
**lab1.tex
(./lab1.tex
LaTeX2e <2005/12/01>
Babel <v3.8d> and hyphenation patterns for american, french, german, ngerman, d
utch, italian, norsk, portuges, spanish, swedish, nohyphenation, loaded.
(/usr/local/teTeX/share/texmf.local/tex/latex/base/article.cls
Document Class: article 2005/09/16 v1.4f Standard LaTeX document class
(/usr/local/teTeX/share/texmf.local/tex/latex/base/size10.clo
File: size10.clo 2005/09/16 v1.4f Standard LaTeX file (size option)
)
\c@part=\count79
\c@section=\count80
\c@subsection=\count81
\c@subsubsection=\count82
\c@paragraph=\count83
\c@subparagraph=\count84
\c@figure=\count85
\c@table=\count86
\abovecaptionskip=\skip41
\belowcaptionskip=\skip42
\bibindent=\dimen102
)
(/usr/local/teTeX/share/texmf.local/tex/latex/graphics/graphicx.sty
Package: graphicx 1999/02/16 v1.0f Enhanced LaTeX Graphics (DPC,SPQR)

(/usr/local/teTeX/share/texmf.local/tex/latex/graphics/keyval.sty
Package: keyval 1999/03/16 v1.13 key=value parser (DPC)
\KV@toks@=\toks14
)
(/usr/local/teTeX/share/texmf.local/tex/latex/graphics/graphics.sty
Package: graphics 2006/02/20 v1.0o Standard LaTeX Graphics (DPC,SPQR)

(/usr/local/teTeX/share/texmf.local/tex/latex/graphics/trig.sty
Package: trig 1999/03/16 v1.09 sin cos tan (DPC)
)
(/usr/local/teTeX/share/texmf.tetex/tex/latex/graphics/graphics.cfg
File: graphics.cfg 2005/02/03 v1.3 graphics configuration of teTeX/TeXLive
)
Package graphics Info: Driver file: pdftex.def on input line 90.

(/usr/local/teTeX/share/texmf.tetex/tex/latex/graphics/pdftex.def
File: pdftex.def 2002/06/19 v0.03k graphics/color for pdftex
\Gread@gobject=\count87
))
\Gin@req@height=\dimen103
\Gin@req@width=\dimen104
)
(./lab1.aux

LaTeX Warning: Label `sub:part_a' multiply defined.


LaTeX Warning: Label `sub:part_b' multiply defined.


LaTeX Warning: Label `sub:part_a' multiply defined.


LaTeX Warning: Label `sub:part_b' multiply defined.


LaTeX Warning: Label `sub:part_c' multiply defined.


LaTeX Warning: Label `sub:part_a' multiply defined.


LaTeX Warning: Label `sub:part_b' multiply defined.


LaTeX Warning: Label `sub:part_c' multiply defined.

)
\openout1 = `lab1.aux'.

LaTeX Font Info:    Checking defaults for OML/cmm/m/it on input line 9.
LaTeX Font Info:    ... okay on input line 9.
LaTeX Font Info:    Checking defaults for T1/cmr/m/n on input line 9.
LaTeX Font Info:    ... okay on input line 9.
LaTeX Font Info:    Checking defaults for OT1/cmr/m/n on input line 9.
LaTeX Font Info:    ... okay on input line 9.
LaTeX Font Info:    Checking defaults for OMS/cmsy/m/n on input line 9.
LaTeX Font Info:    ... okay on input line 9.
LaTeX Font Info:    Checking defaults for OMX/cmex/m/n on input line 9.
LaTeX Font Info:    ... okay on input line 9.
LaTeX Font Info:    Checking defaults for U/cmr/m/n on input line 9.
LaTeX Font Info:    ... okay on input line 9.
 (/usr/local/teTeX/share/texmf.local/tex/context/base/supp-pdf.tex
(/usr/local/teTeX/share/texmf.local/tex/context/base/supp-mis.tex
loading : Context Support Macros / Miscellaneous (2004.10.26)
\protectiondepth=\count88
\scratchcounter=\count89
\scratchtoks=\toks15
\scratchdimen=\dimen105
\scratchskip=\skip43
\scratchmuskip=\muskip10
\scratchbox=\box26
\scratchread=\read1
\scratchwrite=\write3
\zeropoint=\dimen106
\onepoint=\dimen107
\onebasepoint=\dimen108
\minusone=\count90
\thousandpoint=\dimen109
\onerealpoint=\dimen110
\emptytoks=\toks16
\nextbox=\box27
\nextdepth=\dimen111
\everyline=\toks17
\!!counta=\count91
\!!countb=\count92
\recursecounter=\count93
)
loading : Context Support Macros / PDF (2004.03.26)
\nofMPsegments=\count94
\nofMParguments=\count95
\MPscratchCnt=\count96
\MPscratchDim=\dimen112
\MPnumerator=\count97
\everyMPtoPDFconversion=\toks18
)
LaTeX Font Info:    External font `cmex10' loaded for size
(Font)              <12> on input line 10.
LaTeX Font Info:    External font `cmex10' loaded for size
(Font)              <8> on input line 10.
LaTeX Font Info:    External font `cmex10' loaded for size
(Font)              <6> on input line 10.
 [1

{/usr/local/teTeX/share/texmf.local/fonts/map/pdftex/updmap/pdftex.map}]
Underfull \hbox (badness 10000) in paragraph at lines 16--21

 []


Underfull \hbox (badness 10000) in paragraph at lines 16--21

 []

[1]
LaTeX Font Info:    External font `cmex10' loaded for size
(Font)              <7> on input line 47.
LaTeX Font Info:    External font `cmex10' loaded for size
(Font)              <5> on input line 47.
 [2] <graphA.jpg, id=35, 418.56375pt x 212.795pt>
File: graphA.jpg Graphic file (type jpg)
 <use graphA.jpg>
Underfull \hbox (badness 10000) in paragraph at lines 89--95

 []


Overfull \hbox (73.56271pt too wide) in paragraph at lines 89--95
[] 
 []

<graphB.jpg, id=36, 418.56375pt x 190.7125pt>
File: graphB.jpg Graphic file (type jpg)
 <use graphB.jpg>
Underfull \hbox (badness 10000) in paragraph at lines 115--122

 []


Overfull \hbox (73.56271pt too wide) in paragraph at lines 115--122
[] 
 []

[3 <./graphA.jpg>]
Underfull \hbox (badness 10000) in paragraph at lines 137--144

 []


Underfull \hbox (badness 10000) in paragraph at lines 137--144

 []


Underfull \hbox (badness 10000) in paragraph at lines 137--144

 []

[4 <./graphB.jpg>] [5] [6] (./lab1.aux)

LaTeX Warning: There were multiply-defined labels.

 ) 
Here is how much of TeX's memory you used:
 932 strings out of 95125
 11558 string characters out of 1182970
 2056401 words of memory out of 4511154
 4136 multiletter control sequences out of 10000+50000
 7895 words of font info for 28 fonts, out of 2000000 for 2000
 58 hyphenation exceptions out of 5000
 25i,7n,21p,585b,179s stack positions out of 5000i,500n,6000p,200000b,40000s
PDF statistics:
 58 PDF objects out of 300000
 0 named destinations out of 131072
 11 words of extra memory for PDF output out of 10000
</usr/local/teTeX/share/texmf.tetex/fonts/type1/bluesky/cm/cmsy10.pfb></usr/l
ocal/teTeX/share/texmf.tetex/fonts/type1/bluesky/cm/cmr5.pfb></usr/local/teTeX/
share/texmf.tetex/fonts/type1/bluesky/cm/cmmi7.pfb></usr/local/teTeX/share/texm
f.tetex/fonts/type1/bluesky/cm/cmex10.pfb></usr/local/teTeX/share/texmf.tetex/f
onts/type1/bluesky/cm/cmr7.pfb></usr/local/teTeX/share/texmf.tetex/fonts/type1/
bluesky/cm/cmmi10.pfb></usr/local/teTeX/share/texmf.tetex/fonts/type1/bluesky/c
m/cmbx10.pfb></usr/local/teTeX/share/texmf.tetex/fonts/type1/bluesky/cm/cmr10.p
fb></usr/local/teTeX/share/texmf.tetex/fonts/type1/bluesky/cm/cmbx12.pfb></usr/
local/teTeX/share/texmf.tetex/fonts/type1/bluesky/cm/cmr12.pfb></usr/local/teTe
X/share/texmf.tetex/fonts/type1/bluesky/cm/cmr17.pfb>
Output written on lab1.pdf (7 pages, 114090 bytes).
