This is pdfTeXk, Version 3.141592-1.40.3 (Web2C 7.5.6) (format=pdflatex 2007.5.18)  16 SEP 2008 04:51
entering extended mode
 file:line:error style messages enabled.
 %&-line parsing enabled.
**Lab1.tex
(./Lab1.tex
LaTeX2e <2005/12/01>
Babel <v3.8h> and hyphenation patterns for english, usenglishmax, dumylang, noh
yphenation, arabic, basque, bulgarian, coptic, welsh, czech, slovak, german, ng
erman, danish, esperanto, spanish, catalan, galician, estonian, farsi, finnish,
 french, greek, monogreek, ancientgreek, croatian, hungarian, interlingua, ibyc
us, indonesian, icelandic, italian, latin, mongolian, dutch, norsk, polish, por
tuguese, pinyin, romanian, russian, slovenian, uppersorbian, serbian, swedish, 
turkish, ukenglish, ukrainian, loaded.
(/usr/local/texlive/2007/texmf-dist/tex/latex/base/article.cls
Document Class: article 2005/09/16 v1.4f Standard LaTeX document class
(/usr/local/texlive/2007/texmf-dist/tex/latex/base/size10.clo
File: size10.clo 2005/09/16 v1.4f Standard LaTeX file (size option)
)
\c@part=\count79
\c@section=\count80
\c@subsection=\count81
\c@subsubsection=\count82
\c@paragraph=\count83
\c@subparagraph=\count84
\c@figure=\count85
\c@table=\count86
\abovecaptionskip=\skip41
\belowcaptionskip=\skip42
\bibindent=\dimen102
)
(/usr/local/texlive/2007/texmf-dist/tex/latex/graphics/graphicx.sty
Package: graphicx 1999/02/16 v1.0f Enhanced LaTeX Graphics (DPC,SPQR)

(/usr/local/texlive/2007/texmf-dist/tex/latex/graphics/keyval.sty
Package: keyval 1999/03/16 v1.13 key=value parser (DPC)
\KV@toks@=\toks14
)
(/usr/local/texlive/2007/texmf-dist/tex/latex/graphics/graphics.sty
Package: graphics 2006/02/20 v1.0o Standard LaTeX Graphics (DPC,SPQR)

(/usr/local/texlive/2007/texmf-dist/tex/latex/graphics/trig.sty
Package: trig 1999/03/16 v1.09 sin cos tan (DPC)
)
(/usr/local/texlive/2007/texmf/tex/latex/config/graphics.cfg
File: graphics.cfg 2007/01/18 v1.5 graphics configuration of teTeX/TeXLive
)
Package graphics Info: Driver file: pdftex.def on input line 90.

(/usr/local/texlive/2007/texmf-dist/tex/latex/pdftex-def/pdftex.def
File: pdftex.def 2007/01/08 v0.04d Graphics/color for pdfTeX
\Gread@gobject=\count87
))
\Gin@req@height=\dimen103
\Gin@req@width=\dimen104
)
(./Lab1.aux

LaTeX Warning: Label `sub:part_a' multiply defined.


LaTeX Warning: Label `sub:part_b' multiply defined.


LaTeX Warning: Label `sub:part_a' multiply defined.


LaTeX Warning: Label `sub:part_b' multiply defined.

)
\openout1 = `Lab1.aux'.

LaTeX Font Info:    Checking defaults for OML/cmm/m/it on input line 8.
LaTeX Font Info:    ... okay on input line 8.
LaTeX Font Info:    Checking defaults for T1/cmr/m/n on input line 8.
LaTeX Font Info:    ... okay on input line 8.
LaTeX Font Info:    Checking defaults for OT1/cmr/m/n on input line 8.
LaTeX Font Info:    ... okay on input line 8.
LaTeX Font Info:    Checking defaults for OMS/cmsy/m/n on input line 8.
LaTeX Font Info:    ... okay on input line 8.
LaTeX Font Info:    Checking defaults for OMX/cmex/m/n on input line 8.
LaTeX Font Info:    ... okay on input line 8.
LaTeX Font Info:    Checking defaults for U/cmr/m/n on input line 8.
LaTeX Font Info:    ... okay on input line 8.
 (/usr/local/texlive/2007/texmf-dist/tex/context/base/supp-pdf.tex
[Loading MPS to PDF converter (version 2006.09.02).]
\scratchcounter=\count88
\scratchdimen=\dimen105
\scratchbox=\box26
\nofMPsegments=\count89
\nofMParguments=\count90
\MPscratchCnt=\count91
\MPscratchDim=\dimen106
\MPnumerator=\count92
\everyMPtoPDFconversion=\toks15
)
LaTeX Font Info:    External font `cmex10' loaded for size
(Font)              <12> on input line 9.
LaTeX Font Info:    External font `cmex10' loaded for size
(Font)              <8> on input line 9.
LaTeX Font Info:    External font `cmex10' loaded for size
(Font)              <6> on input line 9.
LaTeX Font Info:    External font `cmex10' loaded for size
(Font)              <7> on input line 15.
LaTeX Font Info:    External font `cmex10' loaded for size
(Font)              <5> on input line 15.

Underfull \hbox (badness 10000) in paragraph at lines 44--50

 []


Underfull \hbox (badness 10000) in paragraph at lines 44--50

 []


Underfull \hbox (badness 1590) in paragraph at lines 44--50
\OT1/cmr/m/n/10 A pen-du-lum will op-er-ate in the same fash-ion.
 []

[1{/usr/local/texlive/2007/texmf-var/fonts/map/pdftex/updmap/pdftex.map}


]
<t2vsm.png, id=13, 362.7954pt x 218.7372pt>
File: t2vsm.png Graphic file (type png)
 <use t2vsm.png>
Underfull \hbox (badness 10000) in paragraph at lines 139--145

 []


Overfull \hbox (6.31421pt too wide) in paragraph at lines 139--145
[] 
 []

[2] <t2vsl.png, id=20, 362.7954pt x 218.7372pt>
File: t2vsl.png Graphic file (type png)
 <use t2vsl.png>
Underfull \hbox (badness 10000) in paragraph at lines 162--169

 []


Overfull \hbox (6.31421pt too wide) in paragraph at lines 162--169
[] 
 []


Underfull \vbox (badness 6592) has occurred while \output is active []

 [3 <./t2vsm.png> <./t2vsl.png>] (./Lab1.aux)

LaTeX Warning: There were multiply-defined labels.

 ) 
Here is how much of TeX's memory you used:
 893 strings out of 94073
 11204 string characters out of 1162984
 62283 words of memory out of 1500000
 4225 multiletter control sequences out of 10000+50000
 7895 words of font info for 28 fonts, out of 1200000 for 2000
 645 hyphenation exceptions out of 8191
 25i,7n,21p,720b,207s stack positions out of 5000i,500n,6000p,200000b,5000s
</usr/local/texlive/2007/texmf-dist/fonts/type1/bluesky/cm/cmbx10.pfb></usr/l
ocal/texlive/2007/texmf-dist/fonts/type1/bluesky/cm/cmbx12.pfb></usr/local/texl
ive/2007/texmf-dist/fonts/type1/bluesky/cm/cmex10.pfb></usr/local/texlive/2007/
texmf-dist/fonts/type1/bluesky/cm/cmmi10.pfb></usr/local/texlive/2007/texmf-dis
t/fonts/type1/bluesky/cm/cmmi7.pfb></usr/local/texlive/2007/texmf-dist/fonts/ty
pe1/bluesky/cm/cmr10.pfb></usr/local/texlive/2007/texmf-dist/fonts/type1/bluesk
y/cm/cmr12.pfb></usr/local/texlive/2007/texmf-dist/fonts/type1/bluesky/cm/cmr17
.pfb></usr/local/texlive/2007/texmf-dist/fonts/type1/bluesky/cm/cmr5.pfb></usr/
local/texlive/2007/texmf-dist/fonts/type1/bluesky/cm/cmr7.pfb></usr/local/texli
ve/2007/texmf-dist/fonts/type1/bluesky/cm/cmsy10.pfb>
Output written on Lab1.pdf (3 pages, 116497 bytes).
PDF statistics:
 60 PDF objects out of 1000 (max. 8388607)
 0 named destinations out of 1000 (max. 131072)
 11 words of extra memory for PDF output out of 10000 (max. 10000000)

