This is pdfeTeXk, Version 3.141592-1.30.4-2.2 (Web2C 7.5.5) (format=pdflatex 2006.6.8)  2 OCT 2006 15:20
entering extended mode
 file:line:error style messages enabled.
**lab2.tex
(./lab2.tex
LaTeX2e <2005/12/01>
Babel <v3.8d> and hyphenation patterns for american, french, german, ngerman, d
utch, italian, norsk, portuges, spanish, swedish, nohyphenation, loaded.
(/usr/local/teTeX/share/texmf.local/tex/latex/base/article.cls
Document Class: article 2005/09/16 v1.4f Standard LaTeX document class
(/usr/local/teTeX/share/texmf.local/tex/latex/base/size10.clo
File: size10.clo 2005/09/16 v1.4f Standard LaTeX file (size option)
)
\c@part=\count79
\c@section=\count80
\c@subsection=\count81
\c@subsubsection=\count82
\c@paragraph=\count83
\c@subparagraph=\count84
\c@figure=\count85
\c@table=\count86
\abovecaptionskip=\skip41
\belowcaptionskip=\skip42
\bibindent=\dimen102
)
(/usr/local/teTeX/share/texmf.local/tex/latex/graphics/graphicx.sty
Package: graphicx 1999/02/16 v1.0f Enhanced LaTeX Graphics (DPC,SPQR)

(/usr/local/teTeX/share/texmf.local/tex/latex/graphics/keyval.sty
Package: keyval 1999/03/16 v1.13 key=value parser (DPC)
\KV@toks@=\toks14
)
(/usr/local/teTeX/share/texmf.local/tex/latex/graphics/graphics.sty
Package: graphics 2006/02/20 v1.0o Standard LaTeX Graphics (DPC,SPQR)

(/usr/local/teTeX/share/texmf.local/tex/latex/graphics/trig.sty
Package: trig 1999/03/16 v1.09 sin cos tan (DPC)
)
(/usr/local/teTeX/share/texmf.tetex/tex/latex/graphics/graphics.cfg
File: graphics.cfg 2005/02/03 v1.3 graphics configuration of teTeX/TeXLive
)
Package graphics Info: Driver file: pdftex.def on input line 90.

(/usr/local/teTeX/share/texmf.tetex/tex/latex/graphics/pdftex.def
File: pdftex.def 2002/06/19 v0.03k graphics/color for pdftex
\Gread@gobject=\count87
))
\Gin@req@height=\dimen103
\Gin@req@width=\dimen104
)
(./lab2.aux

LaTeX Warning: Label `sub:part_a' multiply defined.


LaTeX Warning: Label `sub:part_b' multiply defined.

)
\openout1 = `lab2.aux'.

LaTeX Font Info:    Checking defaults for OML/cmm/m/it on input line 9.
LaTeX Font Info:    ... okay on input line 9.
LaTeX Font Info:    Checking defaults for T1/cmr/m/n on input line 9.
LaTeX Font Info:    ... okay on input line 9.
LaTeX Font Info:    Checking defaults for OT1/cmr/m/n on input line 9.
LaTeX Font Info:    ... okay on input line 9.
LaTeX Font Info:    Checking defaults for OMS/cmsy/m/n on input line 9.
LaTeX Font Info:    ... okay on input line 9.
LaTeX Font Info:    Checking defaults for OMX/cmex/m/n on input line 9.
LaTeX Font Info:    ... okay on input line 9.
LaTeX Font Info:    Checking defaults for U/cmr/m/n on input line 9.
LaTeX Font Info:    ... okay on input line 9.
 (/usr/local/teTeX/share/texmf.local/tex/context/base/supp-pdf.tex
(/usr/local/teTeX/share/texmf.local/tex/context/base/supp-mis.tex
loading : Context Support Macros / Miscellaneous (2004.10.26)
\protectiondepth=\count88
\scratchcounter=\count89
\scratchtoks=\toks15
\scratchdimen=\dimen105
\scratchskip=\skip43
\scratchmuskip=\muskip10
\scratchbox=\box26
\scratchread=\read1
\scratchwrite=\write3
\zeropoint=\dimen106
\onepoint=\dimen107
\onebasepoint=\dimen108
\minusone=\count90
\thousandpoint=\dimen109
\onerealpoint=\dimen110
\emptytoks=\toks16
\nextbox=\box27
\nextdepth=\dimen111
\everyline=\toks17
\!!counta=\count91
\!!countb=\count92
\recursecounter=\count93
)
loading : Context Support Macros / PDF (2004.03.26)
\nofMPsegments=\count94
\nofMParguments=\count95
\MPscratchCnt=\count96
\MPscratchDim=\dimen112
\MPnumerator=\count97
\everyMPtoPDFconversion=\toks18
)
LaTeX Font Info:    External font `cmex10' loaded for size
(Font)              <12> on input line 10.
LaTeX Font Info:    External font `cmex10' loaded for size
(Font)              <8> on input line 10.
LaTeX Font Info:    External font `cmex10' loaded for size
(Font)              <6> on input line 10.
 [1

{/usr/local/teTeX/share/texmf.local/fonts/map/pdftex/updmap/pdftex.map}]
LaTeX Font Info:    External font `cmex10' loaded for size
(Font)              <7> on input line 16.
LaTeX Font Info:    External font `cmex10' loaded for size
(Font)              <5> on input line 16.

[1]
Underfull \hbox (badness 10000) in paragraph at lines 73--88

 []

./lab2.tex:95: Missing $ inserted.
<inserted text> 
                $
l.95 M & X_
           g & X_R & (X_R + X_1)/2 & \theta\\
I've inserted a begin-math/end-math symbol since I think
you left one out. Proceed, with fingers crossed.

./lab2.tex:95: Extra }, or forgotten $.
<template> \unskip \hfil }
                          \hskip \tabcolsep \endtemplate 
l.95 M & X_g &
               X_R & (X_R + X_1)/2 & \theta\\
I've deleted a group-closing symbol because it seems to be
spurious, as in `$x}$'. But perhaps the } is legitimate and
you forgot something else, as in `\hbox{$x}'. In such cases
the way to recover is to insert both the forgotten and the
deleted material, e.g., by typing `I$}'.

./lab2.tex:95: Missing $ inserted.
<inserted text> 
                $
l.95 M & X_g &
               X_R & (X_R + X_1)/2 & \theta\\
I've inserted a begin-math/end-math symbol since I think
you left one out. Proceed, with fingers crossed.

./lab2.tex:95: Missing } inserted.
<inserted text> 
                }
l.95 M & X_g &
               X_R & (X_R + X_1)/2 & \theta\\
I've inserted something that you may have forgotten.
(See the <inserted text> above.)
With luck, this will get me unwedged. But if you
really didn't forget anything, try typing `2' now; then
my insertion and my current dilemma will both disappear.

./lab2.tex:95: Missing $ inserted.
<inserted text> 
                $
l.95 M & X_g & X_
                 R & (X_R + X_1)/2 & \theta\\
I've inserted a begin-math/end-math symbol since I think
you left one out. Proceed, with fingers crossed.

./lab2.tex:95: Extra }, or forgotten $.
<template> \unskip \hfil }
                          \hskip \tabcolsep \endtemplate 
l.95 M & X_g & X_R &
                     (X_R + X_1)/2 & \theta\\
I've deleted a group-closing symbol because it seems to be
spurious, as in `$x}$'. But perhaps the } is legitimate and
you forgot something else, as in `\hbox{$x}'. In such cases
the way to recover is to insert both the forgotten and the
deleted material, e.g., by typing `I$}'.

./lab2.tex:95: Missing $ inserted.
<inserted text> 
                $
l.95 M & X_g & X_R &
                     (X_R + X_1)/2 & \theta\\
I've inserted a begin-math/end-math symbol since I think
you left one out. Proceed, with fingers crossed.

./lab2.tex:95: Missing } inserted.
<inserted text> 
                }
l.95 M & X_g & X_R &
                     (X_R + X_1)/2 & \theta\\
I've inserted something that you may have forgotten.
(See the <inserted text> above.)
With luck, this will get me unwedged. But if you
really didn't forget anything, try typing `2' now; then
my insertion and my current dilemma will both disappear.

./lab2.tex:95: Missing $ inserted.
<inserted text> 
                $
l.95 M & X_g & X_R & (X_
                        R + X_1)/2 & \theta\\
I've inserted a begin-math/end-math symbol since I think
you left one out. Proceed, with fingers crossed.

./lab2.tex:95: Extra }, or forgotten $.
<template> \unskip \hfil }
                          \hskip \tabcolsep \endtemplate 
l.95 M & X_g & X_R & (X_R + X_1)/2 &
                                     \theta\\
I've deleted a group-closing symbol because it seems to be
spurious, as in `$x}$'. But perhaps the } is legitimate and
you forgot something else, as in `\hbox{$x}'. In such cases
the way to recover is to insert both the forgotten and the
deleted material, e.g., by typing `I$}'.

./lab2.tex:95: Missing $ inserted.
<inserted text> 
                $
l.95 M & X_g & X_R & (X_R + X_1)/2 &
                                     \theta\\
I've inserted a begin-math/end-math symbol since I think
you left one out. Proceed, with fingers crossed.

./lab2.tex:95: Missing } inserted.
<inserted text> 
                }
l.95 M & X_g & X_R & (X_R + X_1)/2 &
                                     \theta\\
I've inserted something that you may have forgotten.
(See the <inserted text> above.)
With luck, this will get me unwedged. But if you
really didn't forget anything, try typing `2' now; then
my insertion and my current dilemma will both disappear.

./lab2.tex:95: Missing $ inserted.
<inserted text> 
                $
l.95 M & X_g & X_R & (X_R + X_1)/2 & \theta
                                           \\
I've inserted a begin-math/end-math symbol since I think
you left one out. Proceed, with fingers crossed.

./lab2.tex:96: Extra }, or forgotten $.
<template> \unskip \hfil }
                          \hskip \tabcolsep \endtemplate 
l.96 \hline
           
I've deleted a group-closing symbol because it seems to be
spurious, as in `$x}$'. But perhaps the } is legitimate and
you forgot something else, as in `\hbox{$x}'. In such cases
the way to recover is to insert both the forgotten and the
deleted material, e.g., by typing `I$}'.

./lab2.tex:96: Missing $ inserted.
<inserted text> 
                $
l.96 \hline
           
I've inserted a begin-math/end-math symbol since I think
you left one out. Proceed, with fingers crossed.

./lab2.tex:96: Missing } inserted.
<inserted text> 
                }
l.96 \hline
           
I've inserted something that you may have forgotten.
(See the <inserted text> above.)
With luck, this will get me unwedged. But if you
really didn't forget anything, try typing `2' now; then
my insertion and my current dilemma will both disappear.

./lab2.tex:97: Missing $ inserted.
<inserted text> 
                $
l.97 1 & 5.4 cm & 8 cm & 6.7 cm & 6.9^
                                      o\\
I've inserted a begin-math/end-math symbol since I think
you left one out. Proceed, with fingers crossed.

./lab2.tex:98: Extra }, or forgotten $.
<template> \unskip \hfil }
                          \hskip \tabcolsep \endtemplate 
l.98 \hline
           
I've deleted a group-closing symbol because it seems to be
spurious, as in `$x}$'. But perhaps the } is legitimate and
you forgot something else, as in `\hbox{$x}'. In such cases
the way to recover is to insert both the forgotten and the
deleted material, e.g., by typing `I$}'.

./lab2.tex:98: Missing $ inserted.
<inserted text> 
                $
l.98 \hline
           
I've inserted a begin-math/end-math symbol since I think
you left one out. Proceed, with fingers crossed.

./lab2.tex:98: Missing } inserted.
<inserted text> 
                }
l.98 \hline
           
I've inserted something that you may have forgotten.
(See the <inserted text> above.)
With luck, this will get me unwedged. But if you
really didn't forget anything, try typing `2' now; then
my insertion and my current dilemma will both disappear.

./lab2.tex:99: Missing $ inserted.
<inserted text> 
                $
l.99 2 & 11.7 cm & 14.1 cm & 12.9 cm & 13.1^
                                            o\\
I've inserted a begin-math/end-math symbol since I think
you left one out. Proceed, with fingers crossed.

./lab2.tex:100: Extra }, or forgotten $.
<template> \unskip \hfil }
                          \hskip \tabcolsep \endtemplate 
l.100 \hline
            
I've deleted a group-closing symbol because it seems to be
spurious, as in `$x}$'. But perhaps the } is legitimate and
you forgot something else, as in `\hbox{$x}'. In such cases
the way to recover is to insert both the forgotten and the
deleted material, e.g., by typing `I$}'.

./lab2.tex:100: Missing $ inserted.
<inserted text> 
                $
l.100 \hline
            
I've inserted a begin-math/end-math symbol since I think
you left one out. Proceed, with fingers crossed.

./lab2.tex:100: Missing } inserted.
<inserted text> 
                }
l.100 \hline
            
I've inserted something that you may have forgotten.
(See the <inserted text> above.)
With luck, this will get me unwedged. But if you
really didn't forget anything, try typing `2' now; then
my insertion and my current dilemma will both disappear.

./lab2.tex:101: Missing $ inserted.
<inserted text> 
                $
l.101 3 & 18.5 cm & 21.6 cm & 20.05 cm & 19.9^
                                              o\\
I've inserted a begin-math/end-math symbol since I think
you left one out. Proceed, with fingers crossed.

./lab2.tex:102: Extra }, or forgotten $.
<template> \unskip \hfil }
                          \hskip \tabcolsep \endtemplate 
l.102 \hline
            
I've deleted a group-closing symbol because it seems to be
spurious, as in `$x}$'. But perhaps the } is legitimate and
you forgot something else, as in `\hbox{$x}'. In such cases
the way to recover is to insert both the forgotten and the
deleted material, e.g., by typing `I$}'.

./lab2.tex:102: Missing $ inserted.
<inserted text> 
                $
l.102 \hline
            
I've inserted a begin-math/end-math symbol since I think
you left one out. Proceed, with fingers crossed.

./lab2.tex:102: Missing } inserted.
<inserted text> 
                }
l.102 \hline
            
I've inserted something that you may have forgotten.
(See the <inserted text> above.)
With luck, this will get me unwedged. But if you
really didn't forget anything, try typing `2' now; then
my insertion and my current dilemma will both disappear.


Underfull \hbox (badness 10000) in paragraph at lines 91--104

 []

[2]

./lab2.tex:107: LaTeX Error: There's no line here to end.

See the LaTeX manual or LaTeX Companion for explanation.
Type  H <return>  for immediate help.
 ...                                              
                                                  
l.107 \\
        
Your command was ignored.
Type  I <command> <return>  to replace it with another command,
or  <return>  to continue without it.


./lab2.tex:108: LaTeX Error: There's no line here to end.

See the LaTeX manual or LaTeX Companion for explanation.
Type  H <return>  for immediate help.
 ...                                              
                                                  
l.108 \includegraphics
                      {partA.jpg}
Your command was ignored.
Type  I <command> <return>  to replace it with another command,
or  <return>  to continue without it.

<partA.jpg, id=29, 331.2375pt x 252.945pt>
File: partA.jpg Graphic file (type jpg)
 <use partA.jpg>
Underfull \hbox (badness 10000) in paragraph at lines 108--112

 []


./lab2.tex:118: LaTeX Error: There's no line here to end.

See the LaTeX manual or LaTeX Companion for explanation.
Type  H <return>  for immediate help.
 ...                                              
                                                  
l.118 \\
        
Your command was ignored.
Type  I <command> <return>  to replace it with another command,
or  <return>  to continue without it.


./lab2.tex:119: LaTeX Error: There's no line here to end.

See the LaTeX manual or LaTeX Companion for explanation.
Type  H <return>  for immediate help.
 ...                                              
                                                  
l.119 \includegraphics
                      {partB.jpg}
Your command was ignored.
Type  I <command> <return>  to replace it with another command,
or  <return>  to continue without it.

<partB.jpg, id=30, 334.24875pt x 251.94125pt>
File: partB.jpg Graphic file (type jpg)
 <use partB.jpg>
Overfull \hbox (4.24792pt too wide) in paragraph at lines 119--123
[][] 
 []


Underfull \hbox (badness 10000) in paragraph at lines 119--123

 []

[3 <./partA.jpg>] [4 <./partB.jpg>] [5] (./lab2.aux)

LaTeX Warning: There were multiply-defined labels.

 ) 
Here is how much of TeX's memory you used:
 929 strings out of 95125
 11515 string characters out of 1182970
 2056371 words of memory out of 4511124
 4134 multiletter control sequences out of 10000+50000
 7587 words of font info for 27 fonts, out of 2000000 for 2000
 58 hyphenation exceptions out of 5000
 25i,8n,21p,563b,179s stack positions out of 5000i,500n,6000p,200000b,40000s
PDF statistics:
 48 PDF objects out of 300000
 0 named destinations out of 131072
 11 words of extra memory for PDF output out of 10000
</usr/local/teTeX/share/texmf.tetex/fonts/type1/bluesky/cm/cmr5.pfb></usr/loc
al/teTeX/share/texmf.tetex/fonts/type1/bluesky/cm/cmsy10.pfb></usr/local/teTeX/
share/texmf.tetex/fonts/type1/bluesky/cm/cmmi7.pfb></usr/local/teTeX/share/texm
f.tetex/fonts/type1/bluesky/cm/cmr7.pfb></usr/local/teTeX/share/texmf.tetex/fon
ts/type1/bluesky/cm/cmmi10.pfb></usr/local/teTeX/share/texmf.tetex/fonts/type1/
bluesky/cm/cmr10.pfb></usr/local/teTeX/share/texmf.tetex/fonts/type1/bluesky/cm
/cmbx12.pfb></usr/local/teTeX/share/texmf.tetex/fonts/type1/bluesky/cm/cmr12.pf
b></usr/local/teTeX/share/texmf.tetex/fonts/type1/bluesky/cm/cmr17.pfb>
Output written on lab2.pdf (6 pages, 111775 bytes).
